<?xml version="1.0" encoding="UTF-8"?>
<!-- Generated by org.testng.reporters.JUnitReportReporter -->
<testsuite hostname="DESKTOP-R9NC35U" failures="0" tests="1" name="com.inetbanking.testCases.TC_AddCustomerTest_003" time="16.696" errors="0" timestamp="2021-05-17T11:42:20 IST" skipped="0">
  <testcase classname="com.inetbanking.testCases.TC_AddCustomerTest_003" name="addNewCustomer" time="16.696"/>
  <system-out/>
</testsuite> <!-- com.inetbanking.testCases.TC_AddCustomerTest_003 -->
