<?xml version="1.0" encoding="UTF-8"?>
<!-- Generated by org.testng.reporters.JUnitReportReporter -->
<testsuite skipped="0" hostname="DESKTOP-R9NC35U" name="com.inetbanking.testCases.TC_LoginTest_001" tests="1" failures="0" timestamp="2021-05-17T15:20:42 IST" time="1.823" errors="0">
  <testcase name="loginTest" time="1.823" classname="com.inetbanking.testCases.TC_LoginTest_001"/>
  <system-out/>
</testsuite> <!-- com.inetbanking.testCases.TC_LoginTest_001 -->
