<?xml version="1.0" encoding="UTF-8"?>
<!-- Generated by org.testng.reporters.JUnitReportReporter -->
<testsuite skipped="0" hostname="DESKTOP-R9NC35U" name="com.inetbanking.testCases.TC_LoginTest_001" tests="1" failures="0" timestamp="2021-05-17T18:54:22 IST" time="2.861" errors="0">
  <testcase name="loginTest" time="2.861" classname="com.inetbanking.testCases.TC_LoginTest_001"/>
  <system-out/>
</testsuite> <!-- com.inetbanking.testCases.TC_LoginTest_001 -->
